<?xml version="1.0" encoding="UTF-8"?>
<testng-results skipped="0" failed="0" total="1" passed="1">
  <reporter-output>
  </reporter-output>
  <suite name="Default suite" duration-ms="63274" started-at="2014-09-02T16:44:00Z" finished-at="2014-09-02T16:45:04Z">
    <groups>
    </groups>
    <test name="Default test" duration-ms="63274" started-at="2014-09-02T16:44:00Z" finished-at="2014-09-02T16:45:04Z">
      <class name="com.adeptpros.selenium.Findjob.Findjoblogin">
        <test-method status="PASS" signature="Saucetest()[pri:0, instance:com.adeptpros.selenium.Findjob.Findjoblogin@51a30bb]" name="Saucetest" duration-ms="62189" started-at="2014-09-02T22:14:00Z" finished-at="2014-09-02T22:15:02Z">
          <reporter-output>
          </reporter-output>
        </test-method> <!-- Saucetest -->
        <test-method status="PASS" signature="killdriver()[pri:0, instance:com.adeptpros.selenium.Findjob.Findjoblogin@51a30bb]" name="killdriver" is-config="true" duration-ms="1061" started-at="2014-09-02T22:15:02Z" finished-at="2014-09-02T22:15:04Z">
          <reporter-output>
          </reporter-output>
        </test-method> <!-- killdriver -->
      </class> <!-- com.adeptpros.selenium.Findjob.Findjoblogin -->
    </test> <!-- Default test -->
  </suite> <!-- Default suite -->
</testng-results>
